<?xml version="1.0" encoding="UTF-8"?>
<!-- Generated by org.testng.reporters.JUnitReportReporter -->
<testsuite hostname="DESKTOP-OE843S0" failures="0" tests="2" name="test_cases.LoginTest" time="2.231" errors="0" timestamp="2024-11-13T17:08:36 IST" skipped="0">
  <testcase classname="test_cases.LoginTest" name="LoginTest" time="1.787"/>
  <system-out/>
  <testcase classname="test_cases.LoginTest" name="LogoutTest" time="0.444"/>
  <system-out/>
</testsuite> <!-- test_cases.LoginTest -->
