<?xml version="1.0" encoding="UTF-8"?>
<!-- Generated by org.testng.reporters.JUnitReportReporter -->
<testsuite hostname="DESKTOP-OE843S0" failures="0" tests="2" name="test_cases.LoginTest" time="2.759" errors="0" timestamp="2024-11-13T19:32:53 IST" skipped="0">
  <testcase classname="test_cases.LoginTest" name="LogoutTest" time="0.332"/>
  <system-out/>
  <testcase classname="test_cases.LoginTest" name="LoginTest" time="2.427"/>
  <system-out/>
</testsuite> <!-- test_cases.LoginTest -->
