<?xml version="1.0" encoding="UTF-8"?>
<!-- Generated by org.testng.reporters.JUnitReportReporter -->
<testsuite hostname="DESKTOP-OE843S0" failures="0" tests="2" name="test.LoginTest" time="1.157" errors="0" timestamp="2024-11-05T19:40:25 IST" skipped="0">
  <testcase classname="test.LoginTest" name="LoginTest" time="0.861"/>
  <system-out/>
  <testcase classname="test.LoginTest" name="LogoutTest" time="0.296"/>
  <system-out/>
</testsuite> <!-- test.LoginTest -->
